commit ab999620f6a34d340527ec871d7503e2bec35728
Author: Chris Lamb <chris@playfire.com>
Date:   Wed Mar 23 11:43:17 2011 +0000

    Update links.
    
    Signed-off-by: Chris Lamb <chris@playfire.com>

 django_bcrypt/models.py |    4 ++--
 1 files changed, 2 insertions(+), 2 deletions(-)

commit c1194ff59702e3de3a3d54b591825ead518e8872
Author: Chris Lamb <chris@playfire.com>
Date:   Wed Mar 23 11:43:00 2011 +0000

    Update documentation.
    
    Signed-off-by: Chris Lamb <chris@playfire.com>

 django_bcrypt/models.py |   27 ++++++++++++++++++---------
 1 files changed, 18 insertions(+), 9 deletions(-)

commit 80baece307894352c8811f4d29096462555c5454
Author: Chris Lamb <chris@playfire.com>
Date:   Wed Mar 23 11:30:36 2011 +0000

    Support unicode in passwords.
    
    Signed-off-by: Chris Lamb <chris@playfire.com>

 django_bcrypt/models.py |    5 +++--
 1 files changed, 3 insertions(+), 2 deletions(-)

commit 1f12a3ccfa04de3016882d7cdebbf78172778ad8
Author: Chris Lamb <chris@playfire.com>
Date:   Wed Mar 23 10:33:07 2011 +0000

    Prevent side-channel attack by comparing hash in constant time.
    
    Signed-off-by: Chris Lamb <chris@playfire.com>

 django_bcrypt/models.py |    6 +++++-
 1 files changed, 5 insertions(+), 1 deletions(-)

commit 63faa61c35aafd658ced61ee95ed857a33eb398b
Author: Chris Lamb <chris@playfire.com>
Date:   Tue Mar 22 12:00:12 2011 +0000

    Add setup.py file

 setup.py |   16 ++++++++++++++++
 1 files changed, 16 insertions(+), 0 deletions(-)

commit 04cfa44c8ae0a88f5720968df66fe07e58322e00
Author: Chris Lamb <chris@playfire.com>
Date:   Fri Feb 25 18:25:41 2011 +0000

    Update domain

 README.rst |    2 +-
 1 files changed, 1 insertions(+), 1 deletions(-)

commit e0e2d6a892ce84ac217a37b07872b6841c27e025
Author: Chris Lamb <chris@playfire.com>
Date:   Fri Feb 25 18:05:14 2011 +0000

    Fix documentation sentence.
    
    Signed-off-by: Chris Lamb <chris@playfire.com>

 django_bcrypt/models.py |    5 +++--
 1 files changed, 3 insertions(+), 2 deletions(-)

commit 06d7d65002b08464754137feb2e487d6a66b54fb
Author: Chris Lamb <chris@playfire.com>
Date:   Wed Feb 9 11:02:29 2011 +0000

    Fix up section hierarchy.

 django_bcrypt/models.py |   17 ++++++++++-------
 1 files changed, 10 insertions(+), 7 deletions(-)

commit e1ef32b69bb8791a2eef90e78ce022759f7b471e
Author: Chris Lamb <chris@playfire.com>
Date:   Wed Feb 9 10:50:26 2011 +0000

    Revert "Update playfire.png"
    
    This reverts commit 2e98be64b4afd7d0fb8f9af10946e9498af3d86c.

 docs/playfire.png |  Bin 3077 -> 6037 bytes
 1 files changed, 0 insertions(+), 0 deletions(-)

commit 3380091215ef3918449f1a49210cb23de39603ea
Author: Chris Lamb <chris@playfire.com>
Date:   Wed Feb 9 10:48:51 2011 +0000

    Use the nature theme as it's nicer on our logo

 docs/conf.py |    1 +
 1 files changed, 1 insertions(+), 0 deletions(-)

commit 2e98be64b4afd7d0fb8f9af10946e9498af3d86c
Author: Chris Lamb <chris@playfire.com>
Date:   Wed Feb 9 10:33:53 2011 +0000

    Update playfire.png

 docs/playfire.png |  Bin 6037 -> 3077 bytes
 1 files changed, 0 insertions(+), 0 deletions(-)

commit a4712544eff106ae7a20238646ec66a59ba94345
Author: Chris Lamb <chris@playfire.com>
Date:   Tue Feb 8 18:01:53 2011 +0000

    Update image

 docs/playfire.png |  Bin 2132 -> 6037 bytes
 1 files changed, 0 insertions(+), 0 deletions(-)

commit fabefbf834016ce9714ea56fec887d4f9a5fddb5
Author: Chris Lamb <chris@playfire.com>
Date:   Mon Feb 7 14:47:26 2011 +0000

    Drop /homepage.

 README.rst |    2 +-
 1 files changed, 1 insertions(+), 1 deletions(-)

commit ac24fb26d8033ddb1b65a307786b28008f4d1f76
Author: Chris Lamb <chris@playfire.com>
Date:   Mon Feb 7 14:46:59 2011 +0000

    Drop README suffix, add "/homepage" suffix.

 README.rst |    6 +++---
 1 files changed, 3 insertions(+), 3 deletions(-)

commit ce702f1cd69eb5c5e6f32f1a0973433f30d254f9
Author: Chris Lamb <chris@playfire.com>
Date:   Mon Feb 7 14:46:16 2011 +0000

    Add README.rst

 README.rst |    4 ++++
 1 files changed, 4 insertions(+), 0 deletions(-)

commit bcdcd746cb3a4bb4b1d952d888beb96c27817c21
Author: Chris Lamb <chris@playfire.com>
Date:   Thu Feb 3 18:38:32 2011 +0000

    Add links.

 django_bcrypt/models.py |    9 +++++++++
 1 files changed, 9 insertions(+), 0 deletions(-)

commit 310f2b1a0346d0d480f12d97daa15b108e186938
Author: Chris Lamb <chris@playfire.com>
Date:   Thu Feb 3 15:35:23 2011 +0000

    Just include the docs from the models.py file to avoid duplication.
    
    Signed-off-by: Chris Lamb <chris@playfire.com>

 docs/index.rst |    1 +
 1 files changed, 1 insertions(+), 0 deletions(-)

commit bf9623ed44a9fbcf4eba9805d67d20bff2e3c0c9
Author: Chris Lamb <chris@playfire.com>
Date:   Thu Feb 3 15:35:05 2011 +0000

    Add Sphinx builder for docs.
    
    Signed-off-by: Chris Lamb <chris@playfire.com>

 docs/Makefile     |   80 +++++++++++++++++++++++++++++++++++++++++++++++++++++
 docs/conf.py      |   15 ++++++++++
 docs/playfire.png |  Bin 0 -> 2132 bytes
 3 files changed, 95 insertions(+), 0 deletions(-)

commit b07a5b01533cffb9b241dce993733ddbe104ceab
Author: Chris Lamb <chris@playfire.com>
Date:   Thu Feb 3 15:25:54 2011 +0000

    Ignore automatically generated docs

 .gitignore |    1 +
 1 files changed, 1 insertions(+), 0 deletions(-)

commit b7ebc88a70af0c2eb27c63a2f6ccd69c918acc6d
Author: Chris Lamb <chris@playfire.com>
Date:   Thu Feb 3 15:24:38 2011 +0000

    Add docs.
    
    Signed-off-by: Chris Lamb <chris@playfire.com>

 django_bcrypt/models.py |   88 +++++++++++++++++++++++++++++++++++++++++++++++
 1 files changed, 88 insertions(+), 0 deletions(-)

commit b4b19cde4419b90e73f66d5ada60fa58933a5cff
Author: Chris Lamb <chris@playfire.com>
Date:   Thu Feb 3 14:01:25 2011 +0000

    Update copyright years

 COPYING |    2 +-
 1 files changed, 1 insertions(+), 1 deletions(-)

commit 6818b2feda1814549ee37b000c9ba3ffe93635f6
Author: Chris Lamb <chris@playfire.com>
Date:   Thu Feb 3 11:28:08 2011 +0000

    Initial commit.
    
    Signed-off-by: Chris Lamb <chris@playfire.com>

 django_bcrypt/models.py   |   27 +++++++++++++++++++++++++++
 1 files changed, 27 insertions(+), 0 deletions(-)

commit 2a9c521e2cd86d9e81e0e5fa231a197ac6dfbcc1
Author: Chris Lamb <chris@playfire.com>
Date:   Thu Feb 3 11:15:55 2011 +0000

    Add .gitignore and COPYING.
    
    Signed-off-by: Chris Lamb <chris@playfire.com>

 .gitignore |    1 +
 COPYING    |   24 ++++++++++++++++++++++++
 2 files changed, 25 insertions(+), 0 deletions(-)
